2025-01-10 14:56:12 : --------------------自动化建模日志 建模类型regression--------------------
2025-01-10 14:56:13 : ----------进行多模型训练并过滤，过滤阈值0.8----------
2025-01-10 14:56:13 : 执行PCA降维处理，原始特征数量10，保留特征数量5，保留主成分信息比例0.88
2025-01-10 14:56:13 : 过滤lasso模型，测试集评价指标=0.7371032020200176, 最优超参{'alpha': 10.0}
2025-01-10 14:56:14 : 过滤ridge模型，测试集评价指标=0.7373359391468357, 最优超参{'alpha': 10.0}
2025-01-10 14:56:17 : 过滤svm模型，测试集评价指标=0.7274088936247863, 最优超参{'C': 10000, 'kernel': 'linear'}
2025-01-10 14:56:18 : 过滤cart模型，测试集评价指标=0.7549111683779948, 最优超参{'criterion': 'friedman_mse', 'max_depth': 6, 'min_samples_split': 31}
2025-01-10 14:57:09 : --------------------自动化建模日志 建模类型regression--------------------
2025-01-10 14:57:09 : ----------进行多模型训练并过滤，过滤阈值0.8----------
2025-01-10 14:57:09 : 执行PCA降维处理，原始特征数量10，保留特征数量5，保留主成分信息比例0.88
2025-01-10 14:57:10 : 过滤lasso模型，测试集评价指标=0.7371032020200176, 最优超参{'alpha': 10.0}
2025-01-10 14:57:10 : 过滤ridge模型，测试集评价指标=0.7373359391468357, 最优超参{'alpha': 10.0}
2025-01-10 14:57:14 : 过滤svm模型，测试集评价指标=0.7274088936247863, 最优超参{'C': 10000, 'kernel': 'linear'}
2025-01-10 14:57:15 : 过滤cart模型，测试集评价指标=0.7549111683779948, 最优超参{'criterion': 'friedman_mse', 'max_depth': 6, 'min_samples_split': 31}
2025-01-10 15:00:16 : 载入lgb模型，测试集评价指标=0.8081430409249094, 最优超参{'bagging_fraction': 0.8, 'boost': 'gbdt', 'importance_type': 'gain', 'learning_rate': 0.1, 'max_depth': 2, 'min_data_in_leaf': 25, 'n_estimators': 50, 'num_leaves': 21, 'objective': 'regression', 'random_state': 2023, 'verbosity': -1}
2025-01-10 15:00:25 : 载入cab模型，测试集评价指标=0.8257406934995218, 最优超参{'iterations': 100, 'learning_rate': 0.1, 'max_depth': 2, 'random_state': 2023, 'verbose': False}
2025-01-10 15:10:32 : --------------------自动化建模日志 建模类型regression--------------------
2025-01-10 15:10:32 : ----------进行多模型训练并过滤，过滤阈值0.8----------
2025-01-10 15:10:32 : 执行PCA降维处理，原始特征数量10，保留特征数量5，保留主成分信息比例0.88
2025-01-10 15:10:33 : 过滤lasso模型，测试集评价指标=0.7371032020200176, 最优超参{'alpha': 10.0}
2025-01-10 15:10:33 : 过滤ridge模型，测试集评价指标=0.7373359391468357, 最优超参{'alpha': 10.0}
2025-01-10 15:10:37 : 过滤svm模型，测试集评价指标=0.7274088936247863, 最优超参{'C': 10000, 'kernel': 'linear'}
2025-01-10 15:10:38 : 过滤cart模型，测试集评价指标=0.7549111683779948, 最优超参{'criterion': 'friedman_mse', 'max_depth': 6, 'min_samples_split': 31}
2025-01-10 15:13:42 : 载入lgb模型，测试集评价指标=0.8081430409249094, 最优超参{'bagging_fraction': 0.8, 'boost': 'gbdt', 'importance_type': 'gain', 'learning_rate': 0.1, 'max_depth': 2, 'min_data_in_leaf': 25, 'n_estimators': 50, 'num_leaves': 21, 'objective': 'regression', 'random_state': 2023, 'verbosity': -1}
2025-01-10 15:13:51 : 载入cab模型，测试集评价指标=0.8257406934995218, 最优超参{'iterations': 100, 'learning_rate': 0.1, 'max_depth': 2, 'random_state': 2023, 'verbose': False}
2025-01-10 15:14:03 : 过滤adb模型，测试集评价指标=0.7754170136038205, 最优超参{'estimator': DecisionTreeRegressor(criterion='friedman_mse', max_depth=6,
                      min_samples_split=31), 'learning_rate': 0.1, 'n_estimators': 25, 'random_state': 2023}
2025-01-10 15:14:11 : 过滤rdf模型，测试集评价指标=0.7530581230295617, 最优超参{'max_depth': 4, 'n_estimators': 60, 'random_state': 2023}
2025-01-10 15:14:11 : ----------基模型训练并过滤完成，寻找最优集成路径----------
2025-01-10 15:14:11 : 训练集基模型效果{'lgb': 0.8494744617259644, 'cab': 0.8850609028709717}
2025-01-10 15:14:11 : 集成方法softw测试集效果=0.8208063122693081
2025-01-10 15:14:11 : 集成方法soft测试集效果=0.8206185053295265
2025-01-10 15:14:12 : 集成方法stack测试集效果=0.8255183133425483
2025-01-10 15:14:12 : 集成方法stack_cart测试集效果=0.7999590837702448
2025-01-10 15:14:12 : 最优集成方法验证集效果=0.8255183133425483, 单模型验证集最好效果=0.8257406934995218
2025-01-10 15:14:12 : 所有集成路径无效, 最优模型为cab, 模型评估指标=0.8257406934995218
